Thu Jul 20 2023 13:26:51 GMT+0000 (Coordinated Universal Time)
Check License Key:
Status: 8
Result: No license data was found on your system.
Enter your software license key then click on Send.
Expiry Date: undefined
Platform:  linux x64
Computer Id: d3b54a24-0ab5-4fa9-aa7c-e26983e83c2b
Computer Key: undefined
Computer Identifier: undefined
Activation Key: undefined
Product Id: undefined
Major Version: undefined
Minor Version: undefined
Application version: 6.10.12

Thu Jul 20 2023 13:26:51 GMT+0000 (Coordinated Universal Time)
Check License Key:
Status: 8
Result: No license data was found on your system.
Enter your software license key then click on Send.
Expiry Date: undefined
Platform:  linux x64
Computer Id: d3b54a24-0ab5-4fa9-aa7c-e26983e83c2b
Computer Key: undefined
Computer Identifier: 
Activation Key: undefined
Product Id: undefined
Major Version: undefined
Minor Version: undefined
Application version: 6.10.12

Thu Jul 20 2023 13:27:32 GMT+0000 (Coordinated Universal Time)
Check License Key:
Status: 8
Result: No license data was found on your system.
Enter your software license key then click on Send.
Expiry Date: undefined
Platform:  linux x64
Computer Id: d3b54a24-0ab5-4fa9-aa7c-e26983e83c2b
Computer Key: undefined
Computer Identifier: 
Activation Key: undefined
Product Id: undefined
Major Version: undefined
Minor Version: undefined
Application version: 6.10.12

Thu Jul 20 2023 14:05:22 GMT+0000 (Coordinated Universal Time)
Check License Key:
Status: 8
Result: No license data was found on your system.
Enter your software license key then click on Send.
Expiry Date: undefined
Platform:  linux x64
Computer Id: d3b54a24-0ab5-4fa9-aa7c-e26983e83c2b
Computer Key: undefined
Computer Identifier: 
Activation Key: undefined
Product Id: undefined
Major Version: undefined
Minor Version: undefined
Application version: 6.10.12

Thu Jul 20 2023 14:05:24 GMT+0000 (Coordinated Universal Time)
Using Disaster Recovery Site is disabled:
Status: undefined
Computer Id: d3b54a24-0ab5-4fa9-aa7c-e26983e83c2b
Activation Key: BMP90E07004GH1JK8N91216PGG8NKU5I93Y78NK

Thu Jul 20 2023 14:05:25 GMT+0000 (Coordinated Universal Time)
Register Activation Key:
Status: 4
Result: Your license expires in 73 days.
Expiry Date: Sat Sep 30 2023 23:59:00 GMT+0000 (Coordinated Universal Time)
Platform:  linux x64
Computer Id: d3b54a24-0ab5-4fa9-aa7c-e26983e83c2b
Computer Key: 
Computer Identifier: d3b54a24-0ab5-4fa9-aa7c-e26983e83c2b
Activation Key: BMP90E07004GH1JK8N91216PGG8NKU5I93Y78NK
Features: 64,1
User Company: 
User Full Name: Rik Van Bruggen
User Email: rik@vanbruggen.be
Product Id: 2
Major Version: 6
Minor Version: 0
Application version: 6.10.12

Thu Jul 20 2023 14:05:25 GMT+0000 (Coordinated Universal Time)
Using Disaster Recovery Site is disabled:
Status: undefined
Computer Id: d3b54a24-0ab5-4fa9-aa7c-e26983e83c2b
Activation Key: BMP90E07004GH1JK8N91216PGG8NKU5I93Y78NK

Thu Jul 20 2023 14:05:25 GMT+0000 (Coordinated Universal Time)
Release Activation Key Response:
Status: 200
Response: <?xml version="1.0" encoding="utf-8"?> <QuickLicenseManager><avkey>BMP90E07004GH1JK8N91216PGG8NKU5I93Y78NK</avkey> <computerID>d3b54a24-0ab5-4fa9-aa7c-e26983e83c2b</computerID> <computerKey>VMP90E07004GH1JK8N91216ERNEDSNFBEWQ254P</computerKey> <result>Activation Key BMP90E07004GH1JK8N91216PGG8NKU5I93Y78NK has been deactivated from computer d3b54a24-0ab5-4fa9-aa7c-e26983e83c2b.</result> <resultCode>0</resultCode> </QuickLicenseManager> 

Thu Jul 20 2023 14:05:25 GMT+0000 (Coordinated Universal Time)
Release Activation Key:
Status: undefined
Result: undefined
Expiry Date: undefined
Platform:  linux x64
Computer Id: d3b54a24-0ab5-4fa9-aa7c-e26983e83c2b
Computer Key: undefined
Computer Identifier: d3b54a24-0ab5-4fa9-aa7c-e26983e83c2b
Activation Key: undefined
Released Activation Key: BMP90E07004GH1JK8N91216PGG8NKU5I93Y78NK
Product Id: undefined
Major Version: undefined
Minor Version: undefined
Application version: 6.10.12

Thu Jul 20 2023 14:12:15 GMT+0000 (Coordinated Universal Time)
Using Disaster Recovery Site is disabled:
Status: undefined
Computer Id: d3b54a24-0ab5-4fa9-aa7c-e26983e83c2b
Activation Key: BMP90E07004GH1JK8N91216PGG8NKU5I93Y78NK

Thu Jul 20 2023 14:12:16 GMT+0000 (Coordinated Universal Time)
Register Activation Key:
Status: 4
Result: Your license expires in 73 days.
Expiry Date: Sat Sep 30 2023 23:59:00 GMT+0000 (Coordinated Universal Time)
Platform:  linux x64
Computer Id: d3b54a24-0ab5-4fa9-aa7c-e26983e83c2b
Computer Key: 
Computer Identifier: d3b54a24-0ab5-4fa9-aa7c-e26983e83c2b
Activation Key: BMP90E07004GH1JK8N91216PGG8NKU5I93Y78NK
Features: 64,1
User Company: 
User Full Name: Rik Van Bruggen
User Email: rik@vanbruggen.be
Product Id: 2
Major Version: 6
Minor Version: 0
Application version: 6.10.12

Thu Jul 20 2023 14:12:17 GMT+0000 (Coordinated Universal Time)
Using Disaster Recovery Site is disabled:
Status: undefined
Computer Id: d3b54a24-0ab5-4fa9-aa7c-e26983e83c2b
Activation Key: BMP90E07004GH1JK8N91216PGG8NKU5I93Y78NK

Thu Jul 20 2023 14:12:18 GMT+0000 (Coordinated Universal Time)
Release Activation Key Response:
Status: 200
Response: <?xml version="1.0" encoding="utf-8"?> <QuickLicenseManager><avkey>BMP90E07004GH1JK8N91216PGG8NKU5I93Y78NK</avkey> <computerID>d3b54a24-0ab5-4fa9-aa7c-e26983e83c2b</computerID> <computerKey>VMP90E07004GH1JK8N91216D7NUMNCKSDCUM6JZ</computerKey> <result>Activation Key BMP90E07004GH1JK8N91216PGG8NKU5I93Y78NK has been deactivated from computer d3b54a24-0ab5-4fa9-aa7c-e26983e83c2b.</result> <resultCode>0</resultCode> </QuickLicenseManager> 

Thu Jul 20 2023 14:12:18 GMT+0000 (Coordinated Universal Time)
Release Activation Key:
Status: undefined
Result: undefined
Expiry Date: undefined
Platform:  linux x64
Computer Id: d3b54a24-0ab5-4fa9-aa7c-e26983e83c2b
Computer Key: undefined
Computer Identifier: d3b54a24-0ab5-4fa9-aa7c-e26983e83c2b
Activation Key: undefined
Released Activation Key: BMP90E07004GH1JK8N91216PGG8NKU5I93Y78NK
Product Id: undefined
Major Version: undefined
Minor Version: undefined
Application version: 6.10.12

Thu Jul 20 2023 14:12:18 GMT+0000 (Coordinated Universal Time)
Register Activation Key offline:
Status: 4
Result: Your license expires in 73 days.
Expiry Date: Sat Sep 30 2023 23:59:00 GMT+0000 (Coordinated Universal Time)
Platform:  linux x64
Computer Id: d3b54a24-0ab5-4fa9-aa7c-e26983e83c2b
Computer Key: 
Computer Identifier: d3b54a24-0ab5-4fa9-aa7c-e26983e83c2b
Activation Key: BMP90E07004GH1JK8N91216PGG8NKU5I93Y78NK
Features: 64,1
User Company: 
User Full Name: Rik Van Bruggen
User Email: rik@vanbruggen.be
Product Id: 2
Major Version: 6
Minor Version: 0
Application version: 6.10.12

Thu Jul 20 2023 14:12:18 GMT+0000 (Coordinated Universal Time)
Using Disaster Recovery Site is disabled:
Status: undefined
Computer Id: d3b54a24-0ab5-4fa9-aa7c-e26983e83c2b
Activation Key: BMP90E07004GH1JK8N91216PGG8NKU5I93Y78NK

Thu Jul 20 2023 14:12:18 GMT+0000 (Coordinated Universal Time)
Release Activation Key Response:
Status: 200
Response: <?xml version="1.0" encoding="utf-8"?> <QuickLicenseManager><avkey>BMP90E07004GH1JK8N91216PGG8NKU5I93Y78NK</avkey> <computerID>d3b54a24-0ab5-4fa9-aa7c-e26983e83c2b</computerID> <error>The license BMP90E07004GH1JK8N91216PGG8NKU5I93Y78NK was not activated.</error> <errorCode>216</errorCode> </QuickLicenseManager> 

Thu Jul 20 2023 14:12:18 GMT+0000 (Coordinated Universal Time)
Release Activation Key:
Status: undefined
Result: undefined
Expiry Date: undefined
Platform:  linux x64
Computer Id: d3b54a24-0ab5-4fa9-aa7c-e26983e83c2b
Computer Key: undefined
Computer Identifier: d3b54a24-0ab5-4fa9-aa7c-e26983e83c2b
Activation Key: undefined
Released Activation Key: BMP90E07004GH1JK8N91216PGG8NKU5I93Y78NK
Product Id: undefined
Major Version: undefined
Minor Version: undefined
Application version: 6.10.12

Thu Jul 20 2023 14:15:49 GMT+0000 (Coordinated Universal Time)
Using Disaster Recovery Site is disabled:
Status: undefined
Computer Id: d3b54a24-0ab5-4fa9-aa7c-e26983e83c2b
Activation Key: BMP90E07004GH1JK8N91216PGG8NKU5I93Y78NK

Thu Jul 20 2023 14:15:50 GMT+0000 (Coordinated Universal Time)
Register Activation Key:
Status: 4
Result: Your license expires in 73 days.
Expiry Date: Sat Sep 30 2023 23:59:00 GMT+0000 (Coordinated Universal Time)
Platform:  linux x64
Computer Id: d3b54a24-0ab5-4fa9-aa7c-e26983e83c2b
Computer Key: 
Computer Identifier: d3b54a24-0ab5-4fa9-aa7c-e26983e83c2b
Activation Key: BMP90E07004GH1JK8N91216PGG8NKU5I93Y78NK
Features: 64,1
User Company: 
User Full Name: Rik Van Bruggen
User Email: rik@vanbruggen.be
Product Id: 2
Major Version: 6
Minor Version: 0
Application version: 6.10.12

Thu Jul 20 2023 14:15:54 GMT+0000 (Coordinated Universal Time)
Using Disaster Recovery Site is disabled:
Status: undefined
Computer Id: d3b54a24-0ab5-4fa9-aa7c-e26983e83c2b
Activation Key: BMP90E07004GH1JK8N91216PGG8NKU5I93Y78NK

Thu Jul 20 2023 14:15:54 GMT+0000 (Coordinated Universal Time)
Release Activation Key Response:
Status: 200
Response: <?xml version="1.0" encoding="utf-8"?> <QuickLicenseManager><avkey>BMP90E07004GH1JK8N91216PGG8NKU5I93Y78NK</avkey> <computerID>d3b54a24-0ab5-4fa9-aa7c-e26983e83c2b</computerID> <computerKey>VMP90E07004GH1JK8N91216AASJBZGPJZJNARBN</computerKey> <result>Activation Key BMP90E07004GH1JK8N91216PGG8NKU5I93Y78NK has been deactivated from computer d3b54a24-0ab5-4fa9-aa7c-e26983e83c2b.</result> <resultCode>0</resultCode> </QuickLicenseManager> 

Thu Jul 20 2023 14:15:54 GMT+0000 (Coordinated Universal Time)
Release Activation Key:
Status: undefined
Result: undefined
Expiry Date: undefined
Platform:  linux x64
Computer Id: d3b54a24-0ab5-4fa9-aa7c-e26983e83c2b
Computer Key: undefined
Computer Identifier: d3b54a24-0ab5-4fa9-aa7c-e26983e83c2b
Activation Key: undefined
Released Activation Key: BMP90E07004GH1JK8N91216PGG8NKU5I93Y78NK
Product Id: undefined
Major Version: undefined
Minor Version: undefined
Application version: 6.10.12

Thu Jul 20 2023 14:19:08 GMT+0000 (Coordinated Universal Time)
Using Disaster Recovery Site is disabled:
Status: undefined
Computer Id: d3b54a24-0ab5-4fa9-aa7c-e26983e83c2b
Activation Key: BMP90E07004GH1JK8N91216PGG8NKU5I93Y78NK

Thu Jul 20 2023 14:19:08 GMT+0000 (Coordinated Universal Time)
Register Activation Key:
Status: 4
Result: Your license expires in 73 days.
Expiry Date: Sat Sep 30 2023 23:59:00 GMT+0000 (Coordinated Universal Time)
Platform:  linux x64
Computer Id: d3b54a24-0ab5-4fa9-aa7c-e26983e83c2b
Computer Key: 
Computer Identifier: d3b54a24-0ab5-4fa9-aa7c-e26983e83c2b
Activation Key: BMP90E07004GH1JK8N91216PGG8NKU5I93Y78NK
Features: 64,1
User Company: 
User Full Name: Rik Van Bruggen
User Email: rik@vanbruggen.be
Product Id: 2
Major Version: 6
Minor Version: 0
Application version: 6.10.12

Thu Jul 20 2023 14:19:13 GMT+0000 (Coordinated Universal Time)
Using Disaster Recovery Site is disabled:
Status: undefined
Computer Id: d3b54a24-0ab5-4fa9-aa7c-e26983e83c2b
Activation Key: BMP90E07004GH1JK8N91216PGG8NKU5I93Y78NK

Thu Jul 20 2023 14:19:13 GMT+0000 (Coordinated Universal Time)
Release Activation Key Response:
Status: 200
Response: <?xml version="1.0" encoding="utf-8"?> <QuickLicenseManager><avkey>BMP90E07004GH1JK8N91216PGG8NKU5I93Y78NK</avkey> <computerID>d3b54a24-0ab5-4fa9-aa7c-e26983e83c2b</computerID> <computerKey>VMP90E07004GH1JK8N91216K5CMT5R9EXGQWDFD</computerKey> <result>Activation Key BMP90E07004GH1JK8N91216PGG8NKU5I93Y78NK has been deactivated from computer d3b54a24-0ab5-4fa9-aa7c-e26983e83c2b.</result> <resultCode>0</resultCode> </QuickLicenseManager> 

Thu Jul 20 2023 14:19:13 GMT+0000 (Coordinated Universal Time)
Release Activation Key:
Status: undefined
Result: undefined
Expiry Date: undefined
Platform:  linux x64
Computer Id: d3b54a24-0ab5-4fa9-aa7c-e26983e83c2b
Computer Key: undefined
Computer Identifier: d3b54a24-0ab5-4fa9-aa7c-e26983e83c2b
Activation Key: undefined
Released Activation Key: BMP90E07004GH1JK8N91216PGG8NKU5I93Y78NK
Product Id: undefined
Major Version: undefined
Minor Version: undefined
Application version: 6.10.12

Thu Jul 20 2023 14:20:03 GMT+0000 (Coordinated Universal Time)
Using Disaster Recovery Site is disabled:
Status: undefined
Computer Id: d3b54a24-0ab5-4fa9-aa7c-e26983e83c2b
Activation Key: BMP90E07004GH1JK8N91216PGG8NKU5I93Y78NK

Thu Jul 20 2023 14:20:04 GMT+0000 (Coordinated Universal Time)
Register Activation Key:
Status: 4
Result: Your license expires in 73 days.
Expiry Date: Sat Sep 30 2023 23:59:00 GMT+0000 (Coordinated Universal Time)
Platform:  linux x64
Computer Id: d3b54a24-0ab5-4fa9-aa7c-e26983e83c2b
Computer Key: 
Computer Identifier: d3b54a24-0ab5-4fa9-aa7c-e26983e83c2b
Activation Key: BMP90E07004GH1JK8N91216PGG8NKU5I93Y78NK
Features: 64,1
User Company: 
User Full Name: Rik Van Bruggen
User Email: rik@vanbruggen.be
Product Id: 2
Major Version: 6
Minor Version: 0
Application version: 6.10.12

Thu Jul 20 2023 14:20:09 GMT+0000 (Coordinated Universal Time)
Using Disaster Recovery Site is disabled:
Status: undefined
Computer Id: d3b54a24-0ab5-4fa9-aa7c-e26983e83c2b
Activation Key: BMP90E07004GH1JK8N91216PGG8NKU5I93Y78NK

Thu Jul 20 2023 14:20:09 GMT+0000 (Coordinated Universal Time)
Release Activation Key Response:
Status: 200
Response: <?xml version="1.0" encoding="utf-8"?> <QuickLicenseManager><avkey>BMP90E07004GH1JK8N91216PGG8NKU5I93Y78NK</avkey> <computerID>d3b54a24-0ab5-4fa9-aa7c-e26983e83c2b</computerID> <computerKey>VMP90E07004GH1JK8N91216PZ8J8UTIDWF4ZCMU</computerKey> <result>Activation Key BMP90E07004GH1JK8N91216PGG8NKU5I93Y78NK has been deactivated from computer d3b54a24-0ab5-4fa9-aa7c-e26983e83c2b.</result> <resultCode>0</resultCode> </QuickLicenseManager> 

Thu Jul 20 2023 14:20:09 GMT+0000 (Coordinated Universal Time)
Release Activation Key:
Status: undefined
Result: undefined
Expiry Date: undefined
Platform:  linux x64
Computer Id: d3b54a24-0ab5-4fa9-aa7c-e26983e83c2b
Computer Key: undefined
Computer Identifier: d3b54a24-0ab5-4fa9-aa7c-e26983e83c2b
Activation Key: undefined
Released Activation Key: BMP90E07004GH1JK8N91216PGG8NKU5I93Y78NK
Product Id: undefined
Major Version: undefined
Minor Version: undefined
Application version: 6.10.12

Thu Jul 20 2023 14:24:57 GMT+0000 (Coordinated Universal Time)
Using Disaster Recovery Site is disabled:
Status: undefined
Computer Id: d3b54a24-0ab5-4fa9-aa7c-e26983e83c2b
Activation Key: BMP90E07004GH1JK8N91216PGG8NKU5I93Y78NK

Thu Jul 20 2023 14:24:58 GMT+0000 (Coordinated Universal Time)
Register Activation Key:
Status: 4
Result: Your license expires in 73 days.
Expiry Date: Sat Sep 30 2023 23:59:00 GMT+0000 (Coordinated Universal Time)
Platform:  linux x64
Computer Id: d3b54a24-0ab5-4fa9-aa7c-e26983e83c2b
Computer Key: 
Computer Identifier: d3b54a24-0ab5-4fa9-aa7c-e26983e83c2b
Activation Key: BMP90E07004GH1JK8N91216PGG8NKU5I93Y78NK
Features: 64,1
User Company: 
User Full Name: Rik Van Bruggen
User Email: rik@vanbruggen.be
Product Id: 2
Major Version: 6
Minor Version: 0
Application version: 6.10.12

Thu Jul 20 2023 14:25:02 GMT+0000 (Coordinated Universal Time)
Using Disaster Recovery Site is disabled:
Status: undefined
Computer Id: d3b54a24-0ab5-4fa9-aa7c-e26983e83c2b
Activation Key: BMP90E07004GH1JK8N91216PGG8NKU5I93Y78NK

Thu Jul 20 2023 14:25:03 GMT+0000 (Coordinated Universal Time)
Release Activation Key Response:
Status: 200
Response: <?xml version="1.0" encoding="utf-8"?> <QuickLicenseManager><avkey>BMP90E07004GH1JK8N91216PGG8NKU5I93Y78NK</avkey> <computerID>d3b54a24-0ab5-4fa9-aa7c-e26983e83c2b</computerID> <computerKey>VMP90E07004GH1JK8N91216QM7DRV84PZWIEGWX</computerKey> <result>Activation Key BMP90E07004GH1JK8N91216PGG8NKU5I93Y78NK has been deactivated from computer d3b54a24-0ab5-4fa9-aa7c-e26983e83c2b.</result> <resultCode>0</resultCode> </QuickLicenseManager> 

Thu Jul 20 2023 14:25:03 GMT+0000 (Coordinated Universal Time)
Release Activation Key:
Status: undefined
Result: undefined
Expiry Date: undefined
Platform:  linux x64
Computer Id: d3b54a24-0ab5-4fa9-aa7c-e26983e83c2b
Computer Key: undefined
Computer Identifier: d3b54a24-0ab5-4fa9-aa7c-e26983e83c2b
Activation Key: undefined
Released Activation Key: BMP90E07004GH1JK8N91216PGG8NKU5I93Y78NK
Product Id: undefined
Major Version: undefined
Minor Version: undefined
Application version: 6.10.12

Thu Jul 20 2023 14:27:15 GMT+0000 (Coordinated Universal Time)
Using Disaster Recovery Site is disabled:
Status: undefined
Computer Id: d3b54a24-0ab5-4fa9-aa7c-e26983e83c2b
Activation Key: BMP90E07004GH1JK8N91216PGG8NKU5I93Y78NK

Thu Jul 20 2023 14:27:15 GMT+0000 (Coordinated Universal Time)
Register Activation Key:
Status: 4
Result: Your license expires in 73 days.
Expiry Date: Sat Sep 30 2023 23:59:00 GMT+0000 (Coordinated Universal Time)
Platform:  linux x64
Computer Id: d3b54a24-0ab5-4fa9-aa7c-e26983e83c2b
Computer Key: 
Computer Identifier: d3b54a24-0ab5-4fa9-aa7c-e26983e83c2b
Activation Key: BMP90E07004GH1JK8N91216PGG8NKU5I93Y78NK
Features: 64,1
User Company: 
User Full Name: Rik Van Bruggen
User Email: rik@vanbruggen.be
Product Id: 2
Major Version: 6
Minor Version: 0
Application version: 6.10.12

Thu Jul 20 2023 14:27:19 GMT+0000 (Coordinated Universal Time)
Using Disaster Recovery Site is disabled:
Status: undefined
Computer Id: d3b54a24-0ab5-4fa9-aa7c-e26983e83c2b
Activation Key: BMP90E07004GH1JK8N91216PGG8NKU5I93Y78NK

Thu Jul 20 2023 14:27:19 GMT+0000 (Coordinated Universal Time)
Release Activation Key Response:
Status: 200
Response: <?xml version="1.0" encoding="utf-8"?> <QuickLicenseManager><avkey>BMP90E07004GH1JK8N91216PGG8NKU5I93Y78NK</avkey> <computerID>d3b54a24-0ab5-4fa9-aa7c-e26983e83c2b</computerID> <computerKey>VMP90E07004GH1JK8N91216AZIUAV4ZEE8P5K5R</computerKey> <result>Activation Key BMP90E07004GH1JK8N91216PGG8NKU5I93Y78NK has been deactivated from computer d3b54a24-0ab5-4fa9-aa7c-e26983e83c2b.</result> <resultCode>0</resultCode> </QuickLicenseManager> 

Thu Jul 20 2023 14:27:19 GMT+0000 (Coordinated Universal Time)
Release Activation Key:
Status: undefined
Result: undefined
Expiry Date: undefined
Platform:  linux x64
Computer Id: d3b54a24-0ab5-4fa9-aa7c-e26983e83c2b
Computer Key: undefined
Computer Identifier: d3b54a24-0ab5-4fa9-aa7c-e26983e83c2b
Activation Key: undefined
Released Activation Key: BMP90E07004GH1JK8N91216PGG8NKU5I93Y78NK
Product Id: undefined
Major Version: undefined
Minor Version: undefined
Application version: 6.10.12

Thu Jul 20 2023 14:28:14 GMT+0000 (Coordinated Universal Time)
Using Disaster Recovery Site is disabled:
Status: undefined
Computer Id: d3b54a24-0ab5-4fa9-aa7c-e26983e83c2b
Activation Key: BMP90E07004GH1JK8N91216PGG8NKU5I93Y78NK

Thu Jul 20 2023 14:28:15 GMT+0000 (Coordinated Universal Time)
Register Activation Key:
Status: 4
Result: Your license expires in 73 days.
Expiry Date: Sat Sep 30 2023 23:59:00 GMT+0000 (Coordinated Universal Time)
Platform:  linux x64
Computer Id: d3b54a24-0ab5-4fa9-aa7c-e26983e83c2b
Computer Key: 
Computer Identifier: d3b54a24-0ab5-4fa9-aa7c-e26983e83c2b
Activation Key: BMP90E07004GH1JK8N91216PGG8NKU5I93Y78NK
Features: 64,1
User Company: 
User Full Name: Rik Van Bruggen
User Email: rik@vanbruggen.be
Product Id: 2
Major Version: 6
Minor Version: 0
Application version: 6.10.12

Thu Jul 20 2023 14:28:19 GMT+0000 (Coordinated Universal Time)
Using Disaster Recovery Site is disabled:
Status: undefined
Computer Id: d3b54a24-0ab5-4fa9-aa7c-e26983e83c2b
Activation Key: BMP90E07004GH1JK8N91216PGG8NKU5I93Y78NK

Thu Jul 20 2023 14:28:19 GMT+0000 (Coordinated Universal Time)
Release Activation Key Response:
Status: 200
Response: <?xml version="1.0" encoding="utf-8"?> <QuickLicenseManager><avkey>BMP90E07004GH1JK8N91216PGG8NKU5I93Y78NK</avkey> <computerID>d3b54a24-0ab5-4fa9-aa7c-e26983e83c2b</computerID> <computerKey>VMP90E07004GH1JK8N91216R4E5NB9BS5YNWXDI</computerKey> <result>Activation Key BMP90E07004GH1JK8N91216PGG8NKU5I93Y78NK has been deactivated from computer d3b54a24-0ab5-4fa9-aa7c-e26983e83c2b.</result> <resultCode>0</resultCode> </QuickLicenseManager> 

Thu Jul 20 2023 14:28:19 GMT+0000 (Coordinated Universal Time)
Release Activation Key:
Status: undefined
Result: undefined
Expiry Date: undefined
Platform:  linux x64
Computer Id: d3b54a24-0ab5-4fa9-aa7c-e26983e83c2b
Computer Key: undefined
Computer Identifier: d3b54a24-0ab5-4fa9-aa7c-e26983e83c2b
Activation Key: undefined
Released Activation Key: BMP90E07004GH1JK8N91216PGG8NKU5I93Y78NK
Product Id: undefined
Major Version: undefined
Minor Version: undefined
Application version: 6.10.12

Thu Jul 20 2023 14:32:02 GMT+0000 (Coordinated Universal Time)
Using Disaster Recovery Site is disabled:
Status: undefined
Computer Id: d3b54a24-0ab5-4fa9-aa7c-e26983e83c2b
Activation Key: BMP90E07004GH1JK8N91216PGG8NKU5I93Y78NK

Thu Jul 20 2023 14:32:03 GMT+0000 (Coordinated Universal Time)
Register Activation Key:
Status: 4
Result: Your license expires in 73 days.
Expiry Date: Sat Sep 30 2023 23:59:00 GMT+0000 (Coordinated Universal Time)
Platform:  linux x64
Computer Id: d3b54a24-0ab5-4fa9-aa7c-e26983e83c2b
Computer Key: 
Computer Identifier: d3b54a24-0ab5-4fa9-aa7c-e26983e83c2b
Activation Key: BMP90E07004GH1JK8N91216PGG8NKU5I93Y78NK
Features: 64,1
User Company: 
User Full Name: Rik Van Bruggen
User Email: rik@vanbruggen.be
Product Id: 2
Major Version: 6
Minor Version: 0
Application version: 6.10.12

Thu Jul 20 2023 14:32:07 GMT+0000 (Coordinated Universal Time)
Using Disaster Recovery Site is disabled:
Status: undefined
Computer Id: d3b54a24-0ab5-4fa9-aa7c-e26983e83c2b
Activation Key: BMP90E07004GH1JK8N91216PGG8NKU5I93Y78NK

Thu Jul 20 2023 14:32:08 GMT+0000 (Coordinated Universal Time)
Release Activation Key Response:
Status: 200
Response: <?xml version="1.0" encoding="utf-8"?> <QuickLicenseManager><avkey>BMP90E07004GH1JK8N91216PGG8NKU5I93Y78NK</avkey> <computerID>d3b54a24-0ab5-4fa9-aa7c-e26983e83c2b</computerID> <computerKey>VMP90E07004GH1JK8N91216P37VPP5RDSMNBADY</computerKey> <result>Activation Key BMP90E07004GH1JK8N91216PGG8NKU5I93Y78NK has been deactivated from computer d3b54a24-0ab5-4fa9-aa7c-e26983e83c2b.</result> <resultCode>0</resultCode> </QuickLicenseManager> 

Thu Jul 20 2023 14:32:08 GMT+0000 (Coordinated Universal Time)
Release Activation Key:
Status: undefined
Result: undefined
Expiry Date: undefined
Platform:  linux x64
Computer Id: d3b54a24-0ab5-4fa9-aa7c-e26983e83c2b
Computer Key: undefined
Computer Identifier: d3b54a24-0ab5-4fa9-aa7c-e26983e83c2b
Activation Key: undefined
Released Activation Key: BMP90E07004GH1JK8N91216PGG8NKU5I93Y78NK
Product Id: undefined
Major Version: undefined
Minor Version: undefined
Application version: 6.10.12

Thu Jul 20 2023 14:32:55 GMT+0000 (Coordinated Universal Time)
Using Disaster Recovery Site is disabled:
Status: undefined
Computer Id: d3b54a24-0ab5-4fa9-aa7c-e26983e83c2b
Activation Key: BMP90E07004GH1JK8N91216PGG8NKU5I93Y78NK

Thu Jul 20 2023 14:32:55 GMT+0000 (Coordinated Universal Time)
Register Activation Key:
Status: 4
Result: Your license expires in 73 days.
Expiry Date: Sat Sep 30 2023 23:59:00 GMT+0000 (Coordinated Universal Time)
Platform:  linux x64
Computer Id: d3b54a24-0ab5-4fa9-aa7c-e26983e83c2b
Computer Key: 
Computer Identifier: d3b54a24-0ab5-4fa9-aa7c-e26983e83c2b
Activation Key: BMP90E07004GH1JK8N91216PGG8NKU5I93Y78NK
Features: 64,1
User Company: 
User Full Name: Rik Van Bruggen
User Email: rik@vanbruggen.be
Product Id: 2
Major Version: 6
Minor Version: 0
Application version: 6.10.12

Thu Jul 20 2023 14:33:17 GMT+0000 (Coordinated Universal Time)
Using Disaster Recovery Site is disabled:
Status: undefined
Computer Id: d3b54a24-0ab5-4fa9-aa7c-e26983e83c2b
Activation Key: BMP90E07004GH1JK8N91216PGG8NKU5I93Y78NK

Thu Jul 20 2023 14:33:17 GMT+0000 (Coordinated Universal Time)
Release Activation Key Response:
Status: 200
Response: <?xml version="1.0" encoding="utf-8"?> <QuickLicenseManager><avkey>BMP90E07004GH1JK8N91216PGG8NKU5I93Y78NK</avkey> <computerID>d3b54a24-0ab5-4fa9-aa7c-e26983e83c2b</computerID> <computerKey>VMP90E07004GH1JK8N91216BFYUAKCYPMTZWYXR</computerKey> <result>Activation Key BMP90E07004GH1JK8N91216PGG8NKU5I93Y78NK has been deactivated from computer d3b54a24-0ab5-4fa9-aa7c-e26983e83c2b.</result> <resultCode>0</resultCode> </QuickLicenseManager> 

Thu Jul 20 2023 14:33:17 GMT+0000 (Coordinated Universal Time)
Release Activation Key:
Status: undefined
Result: undefined
Expiry Date: undefined
Platform:  linux x64
Computer Id: d3b54a24-0ab5-4fa9-aa7c-e26983e83c2b
Computer Key: undefined
Computer Identifier: d3b54a24-0ab5-4fa9-aa7c-e26983e83c2b
Activation Key: undefined
Released Activation Key: BMP90E07004GH1JK8N91216PGG8NKU5I93Y78NK
Product Id: undefined
Major Version: undefined
Minor Version: undefined
Application version: 6.10.12

Thu Jul 20 2023 14:34:35 GMT+0000 (Coordinated Universal Time)
Using Disaster Recovery Site is disabled:
Status: undefined
Computer Id: d3b54a24-0ab5-4fa9-aa7c-e26983e83c2b
Activation Key: BMP90E07004GH1JK8N91216PGG8NKU5I93Y78NK

Thu Jul 20 2023 14:34:36 GMT+0000 (Coordinated Universal Time)
Register Activation Key:
Status: 4
Result: Your license expires in 73 days.
Expiry Date: Sat Sep 30 2023 23:59:00 GMT+0000 (Coordinated Universal Time)
Platform:  linux x64
Computer Id: d3b54a24-0ab5-4fa9-aa7c-e26983e83c2b
Computer Key: 
Computer Identifier: d3b54a24-0ab5-4fa9-aa7c-e26983e83c2b
Activation Key: BMP90E07004GH1JK8N91216PGG8NKU5I93Y78NK
Features: 64,1
User Company: 
User Full Name: Rik Van Bruggen
User Email: rik@vanbruggen.be
Product Id: 2
Major Version: 6
Minor Version: 0
Application version: 6.10.12

Thu Jul 20 2023 14:34:53 GMT+0000 (Coordinated Universal Time)
Using Disaster Recovery Site is disabled:
Status: undefined
Computer Id: d3b54a24-0ab5-4fa9-aa7c-e26983e83c2b
Activation Key: BMP90E07004GH1JK8N91216PGG8NKU5I93Y78NK

Thu Jul 20 2023 14:34:54 GMT+0000 (Coordinated Universal Time)
Release Activation Key Response:
Status: 200
Response: <?xml version="1.0" encoding="utf-8"?> <QuickLicenseManager><avkey>BMP90E07004GH1JK8N91216PGG8NKU5I93Y78NK</avkey> <computerID>d3b54a24-0ab5-4fa9-aa7c-e26983e83c2b</computerID> <computerKey>VMP90E07004GH1JK8N91216FWWXM7TAAS6WBZSP</computerKey> <result>Activation Key BMP90E07004GH1JK8N91216PGG8NKU5I93Y78NK has been deactivated from computer d3b54a24-0ab5-4fa9-aa7c-e26983e83c2b.</result> <resultCode>0</resultCode> </QuickLicenseManager> 

Thu Jul 20 2023 14:34:54 GMT+0000 (Coordinated Universal Time)
Release Activation Key:
Status: undefined
Result: undefined
Expiry Date: undefined
Platform:  linux x64
Computer Id: d3b54a24-0ab5-4fa9-aa7c-e26983e83c2b
Computer Key: undefined
Computer Identifier: d3b54a24-0ab5-4fa9-aa7c-e26983e83c2b
Activation Key: undefined
Released Activation Key: BMP90E07004GH1JK8N91216PGG8NKU5I93Y78NK
Product Id: undefined
Major Version: undefined
Minor Version: undefined
Application version: 6.10.12

Thu Jul 20 2023 14:42:44 GMT+0000 (Coordinated Universal Time)
Using Disaster Recovery Site is disabled:
Status: undefined
Computer Id: d3b54a24-0ab5-4fa9-aa7c-e26983e83c2b
Activation Key: BMP90E07004GH1JK8N91216PGG8NKU5I93Y78NK

Thu Jul 20 2023 14:42:44 GMT+0000 (Coordinated Universal Time)
Register Activation Key:
Status: 4
Result: Your license expires in 73 days.
Expiry Date: Sat Sep 30 2023 23:59:00 GMT+0000 (Coordinated Universal Time)
Platform:  linux x64
Computer Id: d3b54a24-0ab5-4fa9-aa7c-e26983e83c2b
Computer Key: 
Computer Identifier: d3b54a24-0ab5-4fa9-aa7c-e26983e83c2b
Activation Key: BMP90E07004GH1JK8N91216PGG8NKU5I93Y78NK
Features: 64,1
User Company: 
User Full Name: Rik Van Bruggen
User Email: rik@vanbruggen.be
Product Id: 2
Major Version: 6
Minor Version: 0
Application version: 6.10.12

Thu Jul 20 2023 14:43:03 GMT+0000 (Coordinated Universal Time)
Using Disaster Recovery Site is disabled:
Status: undefined
Computer Id: d3b54a24-0ab5-4fa9-aa7c-e26983e83c2b
Activation Key: BMP90E07004GH1JK8N91216PGG8NKU5I93Y78NK

Thu Jul 20 2023 14:43:03 GMT+0000 (Coordinated Universal Time)
Release Activation Key Response:
Status: 200
Response: <?xml version="1.0" encoding="utf-8"?> <QuickLicenseManager><avkey>BMP90E07004GH1JK8N91216PGG8NKU5I93Y78NK</avkey> <computerID>d3b54a24-0ab5-4fa9-aa7c-e26983e83c2b</computerID> <computerKey>VMP90E07004GH1JK8N91216S9BX9GK3FN37CRDQ</computerKey> <result>Activation Key BMP90E07004GH1JK8N91216PGG8NKU5I93Y78NK has been deactivated from computer d3b54a24-0ab5-4fa9-aa7c-e26983e83c2b.</result> <resultCode>0</resultCode> </QuickLicenseManager> 

Thu Jul 20 2023 14:43:03 GMT+0000 (Coordinated Universal Time)
Release Activation Key:
Status: undefined
Result: undefined
Expiry Date: undefined
Platform:  linux x64
Computer Id: d3b54a24-0ab5-4fa9-aa7c-e26983e83c2b
Computer Key: undefined
Computer Identifier: d3b54a24-0ab5-4fa9-aa7c-e26983e83c2b
Activation Key: undefined
Released Activation Key: BMP90E07004GH1JK8N91216PGG8NKU5I93Y78NK
Product Id: undefined
Major Version: undefined
Minor Version: undefined
Application version: 6.10.12

Thu Jul 20 2023 14:43:21 GMT+0000 (Coordinated Universal Time)
Using Disaster Recovery Site is disabled:
Status: undefined
Computer Id: d3b54a24-0ab5-4fa9-aa7c-e26983e83c2b
Activation Key: BMP90E07004GH1JK8N91216PGG8NKU5I93Y78NK

Thu Jul 20 2023 14:43:22 GMT+0000 (Coordinated Universal Time)
Register Activation Key:
Status: 4
Result: Your license expires in 73 days.
Expiry Date: Sat Sep 30 2023 23:59:00 GMT+0000 (Coordinated Universal Time)
Platform:  linux x64
Computer Id: d3b54a24-0ab5-4fa9-aa7c-e26983e83c2b
Computer Key: 
Computer Identifier: d3b54a24-0ab5-4fa9-aa7c-e26983e83c2b
Activation Key: BMP90E07004GH1JK8N91216PGG8NKU5I93Y78NK
Features: 64,1
User Company: 
User Full Name: Rik Van Bruggen
User Email: rik@vanbruggen.be
Product Id: 2
Major Version: 6
Minor Version: 0
Application version: 6.10.12

Thu Jul 20 2023 14:43:25 GMT+0000 (Coordinated Universal Time)
Using Disaster Recovery Site is disabled:
Status: undefined
Computer Id: d3b54a24-0ab5-4fa9-aa7c-e26983e83c2b
Activation Key: BMP90E07004GH1JK8N91216PGG8NKU5I93Y78NK

Thu Jul 20 2023 14:43:25 GMT+0000 (Coordinated Universal Time)
Release Activation Key Response:
Status: 200
Response: <?xml version="1.0" encoding="utf-8"?> <QuickLicenseManager><avkey>BMP90E07004GH1JK8N91216PGG8NKU5I93Y78NK</avkey> <computerID>d3b54a24-0ab5-4fa9-aa7c-e26983e83c2b</computerID> <computerKey>VMP90E07004GH1JK8N91216SUMM4USAFCNYFHMT</computerKey> <result>Activation Key BMP90E07004GH1JK8N91216PGG8NKU5I93Y78NK has been deactivated from computer d3b54a24-0ab5-4fa9-aa7c-e26983e83c2b.</result> <resultCode>0</resultCode> </QuickLicenseManager> 

Thu Jul 20 2023 14:43:25 GMT+0000 (Coordinated Universal Time)
Release Activation Key:
Status: undefined
Result: undefined
Expiry Date: undefined
Platform:  linux x64
Computer Id: d3b54a24-0ab5-4fa9-aa7c-e26983e83c2b
Computer Key: undefined
Computer Identifier: d3b54a24-0ab5-4fa9-aa7c-e26983e83c2b
Activation Key: undefined
Released Activation Key: BMP90E07004GH1JK8N91216PGG8NKU5I93Y78NK
Product Id: undefined
Major Version: undefined
Minor Version: undefined
Application version: 6.10.12

Thu Jul 20 2023 14:55:32 GMT+0000 (Coordinated Universal Time)
Using Disaster Recovery Site is disabled:
Status: undefined
Computer Id: d3b54a24-0ab5-4fa9-aa7c-e26983e83c2b
Activation Key: BMP90E07004GH1JK8N91216PGG8NKU5I93Y78NK

Thu Jul 20 2023 14:55:33 GMT+0000 (Coordinated Universal Time)
Register Activation Key:
Status: 4
Result: Your license expires in 73 days.
Expiry Date: Sat Sep 30 2023 23:59:00 GMT+0000 (Coordinated Universal Time)
Platform:  linux x64
Computer Id: d3b54a24-0ab5-4fa9-aa7c-e26983e83c2b
Computer Key: 
Computer Identifier: d3b54a24-0ab5-4fa9-aa7c-e26983e83c2b
Activation Key: BMP90E07004GH1JK8N91216PGG8NKU5I93Y78NK
Features: 64,1
User Company: 
User Full Name: Rik Van Bruggen
User Email: rik@vanbruggen.be
Product Id: 2
Major Version: 6
Minor Version: 0
Application version: 6.10.12

Thu Jul 20 2023 14:55:35 GMT+0000 (Coordinated Universal Time)
Using Disaster Recovery Site is disabled:
Status: undefined
Computer Id: d3b54a24-0ab5-4fa9-aa7c-e26983e83c2b
Activation Key: BMP90E07004GH1JK8N91216PGG8NKU5I93Y78NK

Thu Jul 20 2023 14:55:36 GMT+0000 (Coordinated Universal Time)
Release Activation Key Response:
Status: 200
Response: <?xml version="1.0" encoding="utf-8"?> <QuickLicenseManager><avkey>BMP90E07004GH1JK8N91216PGG8NKU5I93Y78NK</avkey> <computerID>d3b54a24-0ab5-4fa9-aa7c-e26983e83c2b</computerID> <computerKey>VMP90E07004GH1JK8N91216NTIRX9JFB5JSWZNX</computerKey> <result>Activation Key BMP90E07004GH1JK8N91216PGG8NKU5I93Y78NK has been deactivated from computer d3b54a24-0ab5-4fa9-aa7c-e26983e83c2b.</result> <resultCode>0</resultCode> </QuickLicenseManager> 

Thu Jul 20 2023 14:55:36 GMT+0000 (Coordinated Universal Time)
Release Activation Key:
Status: undefined
Result: undefined
Expiry Date: undefined
Platform:  linux x64
Computer Id: d3b54a24-0ab5-4fa9-aa7c-e26983e83c2b
Computer Key: undefined
Computer Identifier: d3b54a24-0ab5-4fa9-aa7c-e26983e83c2b
Activation Key: undefined
Released Activation Key: BMP90E07004GH1JK8N91216PGG8NKU5I93Y78NK
Product Id: undefined
Major Version: undefined
Minor Version: undefined
Application version: 6.10.12

Thu Jul 20 2023 14:56:08 GMT+0000 (Coordinated Universal Time)
Using Disaster Recovery Site is disabled:
Status: undefined
Computer Id: d3b54a24-0ab5-4fa9-aa7c-e26983e83c2b
Activation Key: BMP90E07004GH1JK8N91216PGG8NKU5I93Y78NK

Thu Jul 20 2023 14:56:08 GMT+0000 (Coordinated Universal Time)
Register Activation Key:
Status: 4
Result: Your license expires in 73 days.
Expiry Date: Sat Sep 30 2023 23:59:00 GMT+0000 (Coordinated Universal Time)
Platform:  linux x64
Computer Id: d3b54a24-0ab5-4fa9-aa7c-e26983e83c2b
Computer Key: 
Computer Identifier: d3b54a24-0ab5-4fa9-aa7c-e26983e83c2b
Activation Key: BMP90E07004GH1JK8N91216PGG8NKU5I93Y78NK
Features: 64,1
User Company: 
User Full Name: Rik Van Bruggen
User Email: rik@vanbruggen.be
Product Id: 2
Major Version: 6
Minor Version: 0
Application version: 6.10.12

Thu Jul 20 2023 15:06:13 GMT+0000 (Coordinated Universal Time)
Using Disaster Recovery Site is disabled:
Status: undefined
Computer Id: d3b54a24-0ab5-4fa9-aa7c-e26983e83c2b
Activation Key: BMP90E07004GH1JK8N91216PGG8NKU5I93Y78NK

Thu Jul 20 2023 15:06:13 GMT+0000 (Coordinated Universal Time)
Release Activation Key Response:
Status: 200
Response: <?xml version="1.0" encoding="utf-8"?> <QuickLicenseManager><avkey>BMP90E07004GH1JK8N91216PGG8NKU5I93Y78NK</avkey> <computerID>d3b54a24-0ab5-4fa9-aa7c-e26983e83c2b</computerID> <computerKey>VMP90E07004GH1JK8N91216TPGF2HZMBU3FJB4E</computerKey> <result>Activation Key BMP90E07004GH1JK8N91216PGG8NKU5I93Y78NK has been deactivated from computer d3b54a24-0ab5-4fa9-aa7c-e26983e83c2b.</result> <resultCode>0</resultCode> </QuickLicenseManager> 

Thu Jul 20 2023 15:06:13 GMT+0000 (Coordinated Universal Time)
Release Activation Key:
Status: undefined
Result: undefined
Expiry Date: undefined
Platform:  linux x64
Computer Id: d3b54a24-0ab5-4fa9-aa7c-e26983e83c2b
Computer Key: undefined
Computer Identifier: d3b54a24-0ab5-4fa9-aa7c-e26983e83c2b
Activation Key: undefined
Released Activation Key: BMP90E07004GH1JK8N91216PGG8NKU5I93Y78NK
Product Id: undefined
Major Version: undefined
Minor Version: undefined
Application version: 6.10.12

Thu Jul 20 2023 15:08:41 GMT+0000 (Coordinated Universal Time)
Using Disaster Recovery Site is disabled:
Status: undefined
Computer Id: d3b54a24-0ab5-4fa9-aa7c-e26983e83c2b
Activation Key: BMP90E07004GH1JK8N91216PGG8NKU5I93Y78NK

Thu Jul 20 2023 15:08:42 GMT+0000 (Coordinated Universal Time)
Register Activation Key:
Status: 4
Result: Your license expires in 73 days.
Expiry Date: Sat Sep 30 2023 23:59:00 GMT+0000 (Coordinated Universal Time)
Platform:  linux x64
Computer Id: d3b54a24-0ab5-4fa9-aa7c-e26983e83c2b
Computer Key: 
Computer Identifier: d3b54a24-0ab5-4fa9-aa7c-e26983e83c2b
Activation Key: BMP90E07004GH1JK8N91216PGG8NKU5I93Y78NK
Features: 64,1
User Company: 
User Full Name: Rik Van Bruggen
User Email: rik@vanbruggen.be
Product Id: 2
Major Version: 6
Minor Version: 0
Application version: 6.10.12

Thu Jul 20 2023 15:09:00 GMT+0000 (Coordinated Universal Time)
Using Disaster Recovery Site is disabled:
Status: undefined
Computer Id: d3b54a24-0ab5-4fa9-aa7c-e26983e83c2b
Activation Key: BMP90E07004GH1JK8N91216PGG8NKU5I93Y78NK

Thu Jul 20 2023 15:09:01 GMT+0000 (Coordinated Universal Time)
Release Activation Key Response:
Status: 200
Response: <?xml version="1.0" encoding="utf-8"?> <QuickLicenseManager><avkey>BMP90E07004GH1JK8N91216PGG8NKU5I93Y78NK</avkey> <computerID>d3b54a24-0ab5-4fa9-aa7c-e26983e83c2b</computerID> <computerKey>VMP90E07004GH1JK8N91216DUPIJG8TF52T6IXU</computerKey> <result>Activation Key BMP90E07004GH1JK8N91216PGG8NKU5I93Y78NK has been deactivated from computer d3b54a24-0ab5-4fa9-aa7c-e26983e83c2b.</result> <resultCode>0</resultCode> </QuickLicenseManager> 

Thu Jul 20 2023 15:09:01 GMT+0000 (Coordinated Universal Time)
Release Activation Key:
Status: undefined
Result: undefined
Expiry Date: undefined
Platform:  linux x64
Computer Id: d3b54a24-0ab5-4fa9-aa7c-e26983e83c2b
Computer Key: undefined
Computer Identifier: d3b54a24-0ab5-4fa9-aa7c-e26983e83c2b
Activation Key: undefined
Released Activation Key: BMP90E07004GH1JK8N91216PGG8NKU5I93Y78NK
Product Id: undefined
Major Version: undefined
Minor Version: undefined
Application version: 6.10.12

Thu Jul 20 2023 15:09:24 GMT+0000 (Coordinated Universal Time)
Using Disaster Recovery Site is disabled:
Status: undefined
Computer Id: d3b54a24-0ab5-4fa9-aa7c-e26983e83c2b
Activation Key: BMP90E07004GH1JK8N91216PGG8NKU5I93Y78NK

Thu Jul 20 2023 15:09:24 GMT+0000 (Coordinated Universal Time)
Register Activation Key:
Status: 4
Result: Your license expires in 73 days.
Expiry Date: Sat Sep 30 2023 23:59:00 GMT+0000 (Coordinated Universal Time)
Platform:  linux x64
Computer Id: d3b54a24-0ab5-4fa9-aa7c-e26983e83c2b
Computer Key: 
Computer Identifier: d3b54a24-0ab5-4fa9-aa7c-e26983e83c2b
Activation Key: BMP90E07004GH1JK8N91216PGG8NKU5I93Y78NK
Features: 64,1
User Company: 
User Full Name: Rik Van Bruggen
User Email: rik@vanbruggen.be
Product Id: 2
Major Version: 6
Minor Version: 0
Application version: 6.10.12

Thu Jul 20 2023 15:09:43 GMT+0000 (Coordinated Universal Time)
Using Disaster Recovery Site is disabled:
Status: undefined
Computer Id: d3b54a24-0ab5-4fa9-aa7c-e26983e83c2b
Activation Key: BMP90E07004GH1JK8N91216PGG8NKU5I93Y78NK

Thu Jul 20 2023 15:09:44 GMT+0000 (Coordinated Universal Time)
Release Activation Key Response:
Status: 200
Response: <?xml version="1.0" encoding="utf-8"?> <QuickLicenseManager><avkey>BMP90E07004GH1JK8N91216PGG8NKU5I93Y78NK</avkey> <computerID>d3b54a24-0ab5-4fa9-aa7c-e26983e83c2b</computerID> <computerKey>VMP90E07004GH1JK8N91216DIDFXA7PJ3HJS4A9</computerKey> <result>Activation Key BMP90E07004GH1JK8N91216PGG8NKU5I93Y78NK has been deactivated from computer d3b54a24-0ab5-4fa9-aa7c-e26983e83c2b.</result> <resultCode>0</resultCode> </QuickLicenseManager> 

Thu Jul 20 2023 15:09:44 GMT+0000 (Coordinated Universal Time)
Release Activation Key:
Status: undefined
Result: undefined
Expiry Date: undefined
Platform:  linux x64
Computer Id: d3b54a24-0ab5-4fa9-aa7c-e26983e83c2b
Computer Key: undefined
Computer Identifier: d3b54a24-0ab5-4fa9-aa7c-e26983e83c2b
Activation Key: undefined
Released Activation Key: BMP90E07004GH1JK8N91216PGG8NKU5I93Y78NK
Product Id: undefined
Major Version: undefined
Minor Version: undefined
Application version: 6.10.12

Thu Jul 20 2023 15:10:22 GMT+0000 (Coordinated Universal Time)
Using Disaster Recovery Site is disabled:
Status: undefined
Computer Id: d3b54a24-0ab5-4fa9-aa7c-e26983e83c2b
Activation Key: BMP90E07004GH1JK8N91216PGG8NKU5I93Y78NK

Thu Jul 20 2023 15:10:23 GMT+0000 (Coordinated Universal Time)
Register Activation Key:
Status: 4
Result: Your license expires in 73 days.
Expiry Date: Sat Sep 30 2023 23:59:00 GMT+0000 (Coordinated Universal Time)
Platform:  linux x64
Computer Id: d3b54a24-0ab5-4fa9-aa7c-e26983e83c2b
Computer Key: 
Computer Identifier: d3b54a24-0ab5-4fa9-aa7c-e26983e83c2b
Activation Key: BMP90E07004GH1JK8N91216PGG8NKU5I93Y78NK
Features: 64,1
User Company: 
User Full Name: Rik Van Bruggen
User Email: rik@vanbruggen.be
Product Id: 2
Major Version: 6
Minor Version: 0
Application version: 6.10.12

Thu Jul 20 2023 15:10:26 GMT+0000 (Coordinated Universal Time)
Using Disaster Recovery Site is disabled:
Status: undefined
Computer Id: d3b54a24-0ab5-4fa9-aa7c-e26983e83c2b
Activation Key: BMP90E07004GH1JK8N91216PGG8NKU5I93Y78NK

Thu Jul 20 2023 15:10:26 GMT+0000 (Coordinated Universal Time)
Release Activation Key Response:
Status: 200
Response: <?xml version="1.0" encoding="utf-8"?> <QuickLicenseManager><avkey>BMP90E07004GH1JK8N91216PGG8NKU5I93Y78NK</avkey> <computerID>d3b54a24-0ab5-4fa9-aa7c-e26983e83c2b</computerID> <computerKey>VMP90E07004GH1JK8N91216BU3JVCQXA29P4M45</computerKey> <result>Activation Key BMP90E07004GH1JK8N91216PGG8NKU5I93Y78NK has been deactivated from computer d3b54a24-0ab5-4fa9-aa7c-e26983e83c2b.</result> <resultCode>0</resultCode> </QuickLicenseManager> 

Thu Jul 20 2023 15:10:26 GMT+0000 (Coordinated Universal Time)
Release Activation Key:
Status: undefined
Result: undefined
Expiry Date: undefined
Platform:  linux x64
Computer Id: d3b54a24-0ab5-4fa9-aa7c-e26983e83c2b
Computer Key: undefined
Computer Identifier: d3b54a24-0ab5-4fa9-aa7c-e26983e83c2b
Activation Key: undefined
Released Activation Key: BMP90E07004GH1JK8N91216PGG8NKU5I93Y78NK
Product Id: undefined
Major Version: undefined
Minor Version: undefined
Application version: 6.10.12

Thu Jul 20 2023 15:10:51 GMT+0000 (Coordinated Universal Time)
Using Disaster Recovery Site is disabled:
Status: undefined
Computer Id: d3b54a24-0ab5-4fa9-aa7c-e26983e83c2b
Activation Key: BMP90E07004GH1JK8N91216PGG8NKU5I93Y78NK

Thu Jul 20 2023 15:10:51 GMT+0000 (Coordinated Universal Time)
Register Activation Key:
Status: 4
Result: Your license expires in 73 days.
Expiry Date: Sat Sep 30 2023 23:59:00 GMT+0000 (Coordinated Universal Time)
Platform:  linux x64
Computer Id: d3b54a24-0ab5-4fa9-aa7c-e26983e83c2b
Computer Key: 
Computer Identifier: d3b54a24-0ab5-4fa9-aa7c-e26983e83c2b
Activation Key: BMP90E07004GH1JK8N91216PGG8NKU5I93Y78NK
Features: 64,1
User Company: 
User Full Name: Rik Van Bruggen
User Email: rik@vanbruggen.be
Product Id: 2
Major Version: 6
Minor Version: 0
Application version: 6.10.12

Thu Jul 20 2023 15:10:53 GMT+0000 (Coordinated Universal Time)
Using Disaster Recovery Site is disabled:
Status: undefined
Computer Id: d3b54a24-0ab5-4fa9-aa7c-e26983e83c2b
Activation Key: BMP90E07004GH1JK8N91216PGG8NKU5I93Y78NK

Thu Jul 20 2023 15:10:54 GMT+0000 (Coordinated Universal Time)
Release Activation Key Response:
Status: 200
Response: <?xml version="1.0" encoding="utf-8"?> <QuickLicenseManager><avkey>BMP90E07004GH1JK8N91216PGG8NKU5I93Y78NK</avkey> <computerID>d3b54a24-0ab5-4fa9-aa7c-e26983e83c2b</computerID> <computerKey>VMP90E07004GH1JK8N91216IRYMMTHVR7EBRQCP</computerKey> <result>Activation Key BMP90E07004GH1JK8N91216PGG8NKU5I93Y78NK has been deactivated from computer d3b54a24-0ab5-4fa9-aa7c-e26983e83c2b.</result> <resultCode>0</resultCode> </QuickLicenseManager> 

Thu Jul 20 2023 15:10:54 GMT+0000 (Coordinated Universal Time)
Release Activation Key:
Status: undefined
Result: undefined
Expiry Date: undefined
Platform:  linux x64
Computer Id: d3b54a24-0ab5-4fa9-aa7c-e26983e83c2b
Computer Key: undefined
Computer Identifier: d3b54a24-0ab5-4fa9-aa7c-e26983e83c2b
Activation Key: undefined
Released Activation Key: BMP90E07004GH1JK8N91216PGG8NKU5I93Y78NK
Product Id: undefined
Major Version: undefined
Minor Version: undefined
Application version: 6.10.12

